ec
accents
achicago
algorithm
algorithm2e
amstext
apacite
apalike
arabi
array
babel
bibtopic
bidi
bm
booktabs
braille
breakurl
calc
cancel
chicago
color
covington
csquotes
cyrillic
endnotes
enumitem
esint
eso-pic
fancybox
fancyhdr
filehook
fixltx2e
fix-cm
float
fontspec
framed
geometry
graphicx
harvard
hhline
hyperref
hyphenat
iftex
ifthen
jurabib
lettrine
listings
lithuanian
longtable
luainputenc
mathdots
mathrsfs
mathtools
mhchem
mongolian
mslapa
multirow
natbib
nicefrac
nomencl
pdfcolmk
polyglossia
pdfpages
prettyref
preview
refstyle
rotating
rotfloat
serbianc
setspace
slashed
soul
splitidx
stackrel
stmaryrd
subfig
subscript
Sweave
textcomp
turkmen
ulem
unicode-math
units
url
varioref
vietnamese
wrapfig
xargs
xcolor
xetex-def
xkeyval
arydshln
braket
cancel
caption
colortbl
diagbox
etoolbox
eurosym
fp
makecmds
marginnote
picinpar
pict2e
sidecap
upgreek
psnfss
avant
bookman
chancery
charter
courier
helvet
mathpazo
mathpple
mathptm
mathptmx
newcent
pifont
utopia
ae
bera
biolinum-type1
ccfonts
concrete
ecc
concmath
cmbright
eco
eulervm
feyn
fourier
iwona
kurier
lh-lcy
libertine
fontaxes
libertine-type1
libertineMono-type1
lmodern
mathdesign
mdbch
mdput
mdugm
newtxmath
binhex
symbol
tgadventor
tgbonum
tgchorus
tgcursor
tgheros
tgpagella
tgschola
tgtermes
tipa
tipx
tone
txfonts
ascii
bbding
ifsym
marvosym
pmboxdraw
textgreek
tfrupee
wasy
wasysym
fancyhdr
braille
endnotes
enumitem
endnotes
covington
fancyvrb
natbib
apacite
rsphrase
bicaption
natbib
algorithm2e
jurabib
multicol
shapepar
